2026-05-10 21:44:42,418 INFO __main__: WS Trader starting. PID=27290 mode=dry-run
2026-05-10 21:44:49,560 INFO __main__: Dry-run: waiting for first price event (timeout 60s)...
2026-05-10 21:44:49,604 INFO src.ws_client: Connecting to Kalshi WebSocket...
2026-05-10 21:44:49,700 WARNING src.ws_client: WebSocket error: server rejected WebSocket connection: HTTP 401 — reconnecting in 2s
2026-05-10 21:44:51,708 INFO src.ws_client: Connecting to Kalshi WebSocket...
2026-05-10 21:44:51,810 WARNING src.ws_client: WebSocket error: server rejected WebSocket connection: HTTP 401 — reconnecting in 4s
2026-05-10 21:44:55,817 INFO src.ws_client: Connecting to Kalshi WebSocket...
2026-05-10 21:44:55,924 WARNING src.ws_client: WebSocket error: server rejected WebSocket connection: HTTP 401 — reconnecting in 8s
2026-05-10 21:45:03,932 INFO src.ws_client: Connecting to Kalshi WebSocket...
2026-05-10 21:45:04,033 WARNING src.ws_client: WebSocket error: server rejected WebSocket connection: HTTP 401 — reconnecting in 16s
2026-05-10 21:45:20,042 INFO src.ws_client: Connecting to Kalshi WebSocket...
2026-05-10 21:45:20,160 WARNING src.ws_client: WebSocket error: server rejected WebSocket connection: HTTP 401 — reconnecting in 32s
2026-05-10 21:45:49,563 WARNING __main__: Dry-run: timed out waiting for first event
2026-05-10 21:45:49,563 INFO src.ws_client: WebSocket client stopped
2026-05-10 21:45:55,073 INFO __main__: WS Trader stopped. Exit code: 1
2026-05-10 21:46:40,513 INFO __main__: WS Trader starting. PID=27377 mode=dry-run
2026-05-10 21:46:45,842 INFO __main__: Dry-run: waiting for first price event (timeout 60s)...
2026-05-10 21:46:45,887 INFO src.ws_client: Connecting to Kalshi WebSocket...
2026-05-10 21:46:45,998 WARNING src.ws_client: WebSocket error: server rejected WebSocket connection: HTTP 401 — reconnecting in 2s
2026-05-10 21:46:48,007 INFO src.ws_client: Connecting to Kalshi WebSocket...
2026-05-10 21:46:48,113 WARNING src.ws_client: WebSocket error: server rejected WebSocket connection: HTTP 401 — reconnecting in 4s
2026-05-10 21:46:52,122 INFO src.ws_client: Connecting to Kalshi WebSocket...
2026-05-10 21:46:52,224 WARNING src.ws_client: WebSocket error: server rejected WebSocket connection: HTTP 401 — reconnecting in 8s
2026-05-10 21:47:00,233 INFO src.ws_client: Connecting to Kalshi WebSocket...
2026-05-10 21:47:00,343 WARNING src.ws_client: WebSocket error: server rejected WebSocket connection: HTTP 401 — reconnecting in 16s
2026-05-10 21:47:16,351 INFO src.ws_client: Connecting to Kalshi WebSocket...
2026-05-10 21:47:16,469 WARNING src.ws_client: WebSocket error: server rejected WebSocket connection: HTTP 401 — reconnecting in 32s
2026-05-10 21:47:45,845 WARNING __main__: Dry-run: timed out waiting for first event
2026-05-10 21:47:45,845 INFO src.ws_client: WebSocket client stopped
2026-05-10 21:47:51,164 INFO __main__: WS Trader stopped. Exit code: 1
2026-05-10 21:48:37,617 INFO __main__: WS Trader starting. PID=27448 mode=dry-run
2026-05-10 21:48:42,898 INFO __main__: Dry-run: waiting for first price event (timeout 60s)...
2026-05-10 21:48:42,942 INFO src.ws_client: Connecting to Kalshi WebSocket...
2026-05-10 21:48:43,047 INFO src.ws_client: Connected. Subscribing...
2026-05-10 21:48:43,047 INFO src.ws_client: Subscribed to ticker channel
2026-05-10 21:49:42,901 WARNING __main__: Dry-run: timed out waiting for first event
2026-05-10 21:49:42,933 INFO src.ws_client: WebSocket client stopped
2026-05-10 21:49:48,260 INFO __main__: WS Trader stopped. Exit code: 1
2026-05-10 21:50:50,954 INFO __main__: WS Trader starting. PID=27532 mode=dry-run
2026-05-10 21:50:56,252 INFO __main__: Dry-run: waiting for first price event (timeout 60s)...
2026-05-10 21:50:56,297 INFO src.ws_client: Connecting to Kalshi WebSocket...
2026-05-10 21:50:56,424 INFO src.ws_client: Connected. Subscribing...
2026-05-10 21:50:56,425 INFO src.ws_client: Subscribed to ticker channel
2026-05-10 21:50:56,451 INFO __main__: Dry-run: first event received — shutting down
2026-05-10 21:50:56,480 INFO src.ws_client: WebSocket client stopped
2026-05-10 21:51:01,792 INFO __main__: WS Trader stopped. Exit code: 0
2026-05-10 22:44:28,885 INFO __main__: WS Trader starting. PID=29189 mode=live
2026-05-10 22:44:28,887 WARNING __main__: Telegram ping failed: [Errno 2] No such file or directory: 'openclaw'
2026-05-10 22:44:28,930 INFO src.ws_client: Connecting to Kalshi WebSocket...
2026-05-10 22:44:29,053 INFO src.ws_client: Connected. Subscribing...
2026-05-10 22:44:29,053 INFO src.ws_client: Subscribed to ticker channel
2026-05-10 22:44:52,045 INFO __main__: Shutdown signal received
2026-05-10 22:44:52,074 INFO src.ws_client: WebSocket client stopped
2026-05-10 22:44:57,208 INFO __main__: WS Trader starting. PID=29210 mode=live
2026-05-10 22:45:02,694 INFO src.ws_client: Connecting to Kalshi WebSocket...
2026-05-10 22:45:02,805 INFO src.ws_client: Connected. Subscribing...
2026-05-10 22:45:02,805 INFO src.ws_client: Subscribed to ticker channel
2026-05-10 22:47:59,695 INFO __main__: Shutdown signal received
2026-05-10 22:47:59,723 INFO src.ws_client: WebSocket client stopped
2026-05-10 22:48:04,861 INFO __main__: WS Trader starting. PID=29389 mode=live
2026-05-10 22:48:10,203 INFO src.ws_client: Connecting to Kalshi WebSocket...
2026-05-10 22:48:10,322 INFO src.ws_client: Connected. Subscribing...
2026-05-10 22:48:10,322 INFO src.ws_client: Subscribed to ticker channel
2026-05-10 22:55:08,665 INFO __main__: Shutdown signal received
2026-05-10 22:55:08,690 INFO src.ws_client: WebSocket client stopped
2026-05-10 22:55:34,648 INFO __main__: WS Trader starting. PID=29774 mode=live
2026-05-10 22:55:39,986 INFO src.ws_client: Connecting to Kalshi WebSocket...
2026-05-10 22:55:40,140 INFO __main__: Shutdown signal received
2026-05-10 22:55:40,252 INFO src.ws_client: Connected. Subscribing...
2026-05-10 22:55:40,252 INFO src.ws_client: Subscribed to ticker channel
2026-05-10 22:55:40,282 INFO src.ws_client: WebSocket client stopped
2026-05-10 22:55:40,957 INFO __main__: WS Trader starting. PID=29791 mode=live
2026-05-10 22:55:46,300 INFO src.ws_client: Connecting to Kalshi WebSocket...
2026-05-10 22:55:46,406 INFO src.ws_client: Connected. Subscribing...
2026-05-10 22:55:46,406 INFO src.ws_client: Subscribed to ticker channel
